<?xml version="1.0" encoding="UTF-8"?>
<testsuite xmlns:xsi="http://www.w3.org/2001/XMLSchema-instance" xsi:noNamespaceSchemaLocation="https://maven.apache.org/surefire/maven-surefire-plugin/xsd/surefire-test-report.xsd" version="3.0.2" name="io.warehouse.sensors.processors.UdpMessageToJsonProcessorTest" time="0.486" tests="6" errors="5" skipped="0" failures="0">
  <properties>
    <property name="java.specification.version" value="22"/>
    <property name="sun.jnu.encoding" value="UTF-8"/>
    <property name="java.class.path" value="/home/vilivom/src/sensors-routing-service-quarkus/target/test-classes:/home/vilivom/src/sensors-routing-service-quarkus/target/classes:/home/vilivom/.m2/repository/org/apache/camel/quarkus/camel-quarkus-core/3.14.0/camel-quarkus-core-3.14.0.jar:/home/vilivom/.m2/repository/io/quarkus/quarkus-core/3.14.2/quarkus-core-3.14.2.jar:/home/vilivom/.m2/repository/jakarta/annotation/jakarta.annotation-api/3.0.0/jakarta.annotation-api-3.0.0.jar:/home/vilivom/.m2/repository/jakarta/enterprise/jakarta.enterprise.cdi-api/4.1.0/jakarta.enterprise.cdi-api-4.1.0.jar:/home/vilivom/.m2/repository/jakarta/enterprise/jakarta.enterprise.lang-model/4.1.0/jakarta.enterprise.lang-model-4.1.0.jar:/home/vilivom/.m2/repository/jakarta/el/jakarta.el-api/5.0.1/jakarta.el-api-5.0.1.jar:/home/vilivom/.m2/repository/jakarta/interceptor/jakarta.interceptor-api/2.2.0/jakarta.interceptor-api-2.2.0.jar:/home/vilivom/.m2/repository/jakarta/inject/jakarta.inject-api/2.0.1/jakarta.inject-api-2.0.1.jar:/home/vilivom/.m2/repository/io/smallrye/common/smallrye-common-os/2.6.0/smallrye-common-os-2.6.0.jar:/home/vilivom/.m2/repository/io/quarkus/quarkus-ide-launcher/3.14.2/quarkus-ide-launcher-3.14.2.jar:/home/vilivom/.m2/repository/io/smallrye/config/smallrye-config/3.9.1/smallrye-config-3.9.1.jar:/home/vilivom/.m2/repository/io/smallrye/config/smallrye-config-core/3.9.1/smallrye-config-core-3.9.1.jar:/home/vilivom/.m2/repository/io/smallrye/common/smallrye-common-classloader/2.6.0/smallrye-common-classloader-2.6.0.jar:/home/vilivom/.m2/repository/io/smallrye/config/smallrye-config-common/3.9.1/smallrye-config-common-3.9.1.jar:/home/vilivom/.m2/repository/org/jboss/logging/jboss-logging/3.6.0.Final/jboss-logging-3.6.0.Final.jar:/home/vilivom/.m2/repository/org/jboss/logmanager/jboss-logmanager/3.0.6.Final/jboss-logmanager-3.0.6.Final.jar:/home/vilivom/.m2/repository/io/smallrye/common/smallrye-common-constraint/2.6.0/smallrye-common-constraint-2.6.0.jar:/home/vilivom/.m2/repository/io/smallrye/common/smallrye-common-cpu/2.6.0/smallrye-common-cpu-2.6.0.jar:/home/vilivom/.m2/repository/io/smallrye/common/smallrye-common-expression/2.6.0/smallrye-common-expression-2.6.0.jar:/home/vilivom/.m2/repository/io/smallrye/common/smallrye-common-function/2.6.0/smallrye-common-function-2.6.0.jar:/home/vilivom/.m2/repository/io/smallrye/common/smallrye-common-net/2.6.0/smallrye-common-net-2.6.0.jar:/home/vilivom/.m2/repository/io/smallrye/common/smallrye-common-ref/2.6.0/smallrye-common-ref-2.6.0.jar:/home/vilivom/.m2/repository/org/jboss/logging/jboss-logging-annotations/3.0.1.Final/jboss-logging-annotations-3.0.1.Final.jar:/home/vilivom/.m2/repository/org/jboss/threads/jboss-threads/3.6.1.Final/jboss-threads-3.6.1.Final.jar:/home/vilivom/.m2/repository/org/jboss/slf4j/slf4j-jboss-logmanager/2.0.0.Final/slf4j-jboss-logmanager-2.0.0.Final.jar:/home/vilivom/.m2/repository/org/wildfly/common/wildfly-common/1.7.0.Final/wildfly-common-1.7.0.Final.jar:/home/vilivom/.m2/repository/io/quarkus/quarkus-bootstrap-runner/3.14.2/quarkus-bootstrap-runner-3.14.2.jar:/home/vilivom/.m2/repository/io/github/crac/org-crac/0.1.3/org-crac-0.1.3.jar:/home/vilivom/.m2/repository/io/quarkus/quarkus-fs-util/0.0.10/quarkus-fs-util-0.0.10.jar:/home/vilivom/.m2/repository/io/quarkus/quarkus-development-mode-spi/3.14.2/quarkus-development-mode-spi-3.14.2.jar:/home/vilivom/.m2/repository/org/apache/camel/camel-base/4.7.0/camel-base-4.7.0.jar:/home/vilivom/.m2/repository/org/apache/camel/camel-api/4.7.0/camel-api-4.7.0.jar:/home/vilivom/.m2/repository/org/apache/camel/camel-management-api/4.7.0/camel-management-api-4.7.0.jar:/home/vilivom/.m2/repository/org/apache/camel/camel-support/4.7.0/camel-support-4.7.0.jar:/home/vilivom/.m2/repository/org/apache/camel/camel-util/4.7.0/camel-util-4.7.0.jar:/home/vilivom/.m2/repository/org/apache/camel/camel-componentdsl/4.7.0/camel-componentdsl-4.7.0.jar:/home/vilivom/.m2/repository/org/apache/camel/camel-core-catalog/4.7.0/camel-core-catalog-4.7.0.jar:/home/vilivom/.m2/repository/org/apache/camel/camel-tooling-model/4.7.0/camel-tooling-model-4.7.0.jar:/home/vilivom/.m2/repository/org/apache/camel/camel-core-engine/4.7.0/camel-core-engine-4.7.0.jar:/home/vilivom/.m2/repository/org/apache/camel/camel-base-engine/4.7.0/camel-base-engine-4.7.0.jar:/home/vilivom/.m2/repository/org/apache/camel/camel-core-reifier/4.7.0/camel-core-reifier-4.7.0.jar:/home/vilivom/.m2/repository/org/apache/camel/camel-core-languages/4.7.0/camel-core-languages-4.7.0.jar:/home/vilivom/.m2/repository/org/apache/camel/camel-core-model/4.7.0/camel-core-model-4.7.0.jar:/home/vilivom/.m2/repository/org/apache/camel/camel-xml-jaxp-util/4.7.0/camel-xml-jaxp-util-4.7.0.jar:/home/vilivom/.m2/repository/org/apache/camel/camel-core-processor/4.7.0/camel-core-processor-4.7.0.jar:/home/vilivom/.m2/repository/org/apache/camel/camel-endpointdsl/4.7.0/camel-endpointdsl-4.7.0.jar:/home/vilivom/.m2/repository/org/apache/camel/camel-main/4.7.0/camel-main-4.7.0.jar:/home/vilivom/.m2/repository/org/apache/camel/camel-microprofile-config/4.7.0/camel-microprofile-config-4.7.0.jar:/home/vilivom/.m2/repository/org/eclipse/microprofile/config/microprofile-config-api/3.1/microprofile-config-api-3.1.jar:/home/vilivom/.m2/repository/jakarta/xml/bind/jakarta.xml.bind-api/4.0.2/jakarta.xml.bind-api-4.0.2.jar:/home/vilivom/.m2/repository/jakarta/activation/jakarta.activation-api/2.1.3/jakarta.activation-api-2.1.3.jar:/home/vilivom/.m2/repository/org/apache/camel/quarkus/camel-quarkus-nats/3.14.0/camel-quarkus-nats-3.14.0.jar:/home/vilivom/.m2/repository/org/jboss/logmanager/log4j2-jboss-logmanager/1.1.2.Final/log4j2-jboss-logmanager-1.1.2.Final.jar:/home/vilivom/.m2/repository/org/apache/logging/log4j/log4j-api/2.23.1/log4j-api-2.23.1.jar:/home/vilivom/.m2/repository/org/apache/camel/camel-nats/4.7.0/camel-nats-4.7.0.jar:/home/vilivom/.m2/repository/io/nats/jnats/2.19.1/jnats-2.19.1.jar:/home/vilivom/.m2/repository/net/i2p/crypto/eddsa/0.3.0/eddsa-0.3.0.jar:/home/vilivom/.m2/repository/org/apache/camel/quarkus/camel-quarkus-jackson/3.14.0/camel-quarkus-jackson-3.14.0.jar:/home/vilivom/.m2/repository/io/quarkus/quarkus-jaxp/3.14.2/quarkus-jaxp-3.14.2.jar:/home/vilivom/.m2/repository/io/quarkus/quarkus-jackson/3.14.2/quarkus-jackson-3.14.2.jar:/home/vilivom/.m2/repository/com/fasterxml/jackson/core/jackson-databind/2.17.2/jackson-databind-2.17.2.jar:/home/vilivom/.m2/repository/com/fasterxml/jackson/datatype/jackson-datatype-jsr310/2.17.2/jackson-datatype-jsr310-2.17.2.jar:/home/vilivom/.m2/repository/com/fasterxml/jackson/datatype/jackson-datatype-jdk8/2.17.2/jackson-datatype-jdk8-2.17.2.jar:/home/vilivom/.m2/repository/com/fasterxml/jackson/module/jackson-module-parameter-names/2.17.2/jackson-module-parameter-names-2.17.2.jar:/home/vilivom/.m2/repository/com/fasterxml/jackson/module/jackson-module-jakarta-xmlbind-annotations/2.17.2/jackson-module-jakarta-xmlbind-annotations-2.17.2.jar:/home/vilivom/.m2/repository/com/fasterxml/jackson/core/jackson-annotations/2.17.2/jackson-annotations-2.17.2.jar:/home/vilivom/.m2/repository/com/fasterxml/jackson/core/jackson-core/2.17.2/jackson-core-2.17.2.jar:/home/vilivom/.m2/repository/org/apache/camel/camel-jackson/4.7.0/camel-jackson-4.7.0.jar:/home/vilivom/.m2/repository/org/eclipse/angus/angus-activation/2.0.2/angus-activation-2.0.2.jar:/home/vilivom/.m2/repository/org/apache/camel/quarkus/camel-quarkus-netty/3.14.0/camel-quarkus-netty-3.14.0.jar:/home/vilivom/.m2/repository/io/quarkus/quarkus-netty/3.14.2/quarkus-netty-3.14.2.jar:/home/vilivom/.m2/repository/io/netty/netty-codec/4.1.111.Final/netty-codec-4.1.111.Final.jar:/home/vilivom/.m2/repository/io/netty/netty-codec-http/4.1.111.Final/netty-codec-http-4.1.111.Final.jar:/home/vilivom/.m2/repository/io/netty/netty-codec-http2/4.1.111.Final/netty-codec-http2-4.1.111.Final.jar:/home/vilivom/.m2/repository/io/netty/netty-handler/4.1.111.Final/netty-handler-4.1.111.Final.jar:/home/vilivom/.m2/repository/com/aayushatharva/brotli4j/brotli4j/1.16.0/brotli4j-1.16.0.jar:/home/vilivom/.m2/repository/com/aayushatharva/brotli4j/service/1.16.0/service-1.16.0.jar:/home/vilivom/.m2/repository/com/aayushatharva/brotli4j/native-linux-x86_64/1.16.0/native-linux-x86_64-1.16.0.jar:/home/vilivom/.m2/repository/org/apache/camel/camel-netty/4.7.0/camel-netty-4.7.0.jar:/home/vilivom/.m2/repository/org/apache/camel/camel-util-json/4.7.0/camel-util-json-4.7.0.jar:/home/vilivom/.m2/repository/io/netty/netty-buffer/4.1.111.Final/netty-buffer-4.1.111.Final.jar:/home/vilivom/.m2/repository/io/netty/netty-common/4.1.111.Final/netty-common-4.1.111.Final.jar:/home/vilivom/.m2/repository/io/netty/netty-resolver/4.1.111.Final/netty-resolver-4.1.111.Final.jar:/home/vilivom/.m2/repository/io/netty/netty-transport/4.1.111.Final/netty-transport-4.1.111.Final.jar:/home/vilivom/.m2/repository/io/netty/netty-transport-native-epoll/4.1.111.Final/netty-transport-native-epoll-4.1.111.Final.jar:/home/vilivom/.m2/repository/io/netty/netty-transport-classes-epoll/4.1.111.Final/netty-transport-classes-epoll-4.1.111.Final.jar:/home/vilivom/.m2/repository/io/netty/netty-transport-native-kqueue/4.1.111.Final/netty-transport-native-kqueue-4.1.111.Final.jar:/home/vilivom/.m2/repository/io/netty/netty-transport-classes-kqueue/4.1.111.Final/netty-transport-classes-kqueue-4.1.111.Final.jar:/home/vilivom/.m2/repository/io/netty/netty-transport-native-unix-common/4.1.111.Final/netty-transport-native-unix-common-4.1.111.Final.jar:/home/vilivom/.m2/repository/org/apache/commons/commons-pool2/2.12.0/commons-pool2-2.12.0.jar:/home/vilivom/.m2/repository/org/slf4j/slf4j-api/2.0.16/slf4j-api-2.0.16.jar:/home/vilivom/.m2/repository/ch/qos/logback/logback-classic/1.5.7/logback-classic-1.5.7.jar:/home/vilivom/.m2/repository/ch/qos/logback/logback-core/1.5.7/logback-core-1.5.7.jar:/home/vilivom/.m2/repository/io/quarkus/quarkus-jsonb/3.14.2/quarkus-jsonb-3.14.2.jar:/home/vilivom/.m2/repository/org/eclipse/yasson/3.0.4/yasson-3.0.4.jar:/home/vilivom/.m2/repository/jakarta/json/bind/jakarta.json.bind-api/3.0.1/jakarta.json.bind-api-3.0.1.jar:/home/vilivom/.m2/repository/jakarta/json/jakarta.json-api/2.1.3/jakarta.json-api-2.1.3.jar:/home/vilivom/.m2/repository/org/eclipse/parsson/parsson/1.1.7/parsson-1.1.7.jar:/home/vilivom/.m2/repository/io/quarkus/quarkus-jsonp/3.14.2/quarkus-jsonp-3.14.2.jar:/home/vilivom/.m2/repository/io/quarkus/quarkus-arc/3.14.2/quarkus-arc-3.14.2.jar:/home/vilivom/.m2/repository/io/quarkus/arc/arc/3.14.2/arc-3.14.2.jar:/home/vilivom/.m2/repository/jakarta/transaction/jakarta.transaction-api/2.0.1/jakarta.transaction-api-2.0.1.jar:/home/vilivom/.m2/repository/io/smallrye/reactive/mutiny/2.6.2/mutiny-2.6.2.jar:/home/vilivom/.m2/repository/io/smallrye/common/smallrye-common-annotation/2.6.0/smallrye-common-annotation-2.6.0.jar:/home/vilivom/.m2/repository/org/jctools/jctools-core/4.0.5/jctools-core-4.0.5.jar:/home/vilivom/.m2/repository/org/eclipse/microprofile/context-propagation/microprofile-context-propagation-api/1.3/microprofile-context-propagation-api-1.3.jar:/home/vilivom/.m2/repository/io/quarkus/quarkus-junit5/3.14.2/quarkus-junit5-3.14.2.jar:/home/vilivom/.m2/repository/io/quarkus/quarkus-bootstrap-core/3.14.2/quarkus-bootstrap-core-3.14.2.jar:/home/vilivom/.m2/repository/io/quarkus/quarkus-classloader-commons/3.14.2/quarkus-classloader-commons-3.14.2.jar:/home/vilivom/.m2/repository/io/quarkus/quarkus-bootstrap-app-model/3.14.2/quarkus-bootstrap-app-model-3.14.2.jar:/home/vilivom/.m2/repository/io/smallrye/common/smallrye-common-io/2.6.0/smallrye-common-io-2.6.0.jar:/home/vilivom/.m2/repository/org/eclipse/sisu/org.eclipse.sisu.inject/0.9.0.M3/org.eclipse.sisu.inject-0.9.0.M3.jar:/home/vilivom/.m2/repository/io/quarkus/quarkus-test-common/3.14.2/quarkus-test-common-3.14.2.jar:/home/vilivom/.m2/repository/io/quarkus/quarkus-core-deployment/3.14.2/quarkus-core-deployment-3.14.2.jar:/home/vilivom/.m2/repository/org/aesh/readline/2.6/readline-2.6.jar:/home/vilivom/.m2/repository/org/fusesource/jansi/jansi/2.4.0/jansi-2.4.0.jar:/home/vilivom/.m2/repository/org/aesh/aesh/2.8.2/aesh-2.8.2.jar:/home/vilivom/.m2/repository/org/apache/commons/commons-lang3/3.14.0/commons-lang3-3.14.0.jar:/home/vilivom/.m2/repository/io/quarkus/gizmo/gizmo/1.8.0/gizmo-1.8.0.jar:/home/vilivom/.m2/repository/org/ow2/asm/asm-util/9.7/asm-util-9.7.jar:/home/vilivom/.m2/repository/org/ow2/asm/asm-analysis/9.7/asm-analysis-9.7.jar:/home/vilivom/.m2/repository/org/ow2/asm/asm/9.7/asm-9.7.jar:/home/vilivom/.m2/repository/org/ow2/asm/asm-commons/9.7/asm-commons-9.7.jar:/home/vilivom/.m2/repository/org/ow2/asm/asm-tree/9.7/asm-tree-9.7.jar:/home/vilivom/.m2/repository/io/quarkus/quarkus-hibernate-validator-spi/3.14.2/quarkus-hibernate-validator-spi-3.14.2.jar:/home/vilivom/.m2/repository/io/quarkus/quarkus-class-change-agent/3.14.2/quarkus-class-change-agent-3.14.2.jar:/home/vilivom/.m2/repository/io/quarkus/quarkus-devtools-utilities/3.14.2/quarkus-devtools-utilities-3.14.2.jar:/home/vilivom/.m2/repository/io/quarkus/quarkus-builder/3.14.2/quarkus-builder-3.14.2.jar:/home/vilivom/.m2/repository/org/graalvm/sdk/nativeimage/23.1.2/nativeimage-23.1.2.jar:/home/vilivom/.m2/repository/org/graalvm/sdk/word/23.1.2/word-23.1.2.jar:/home/vilivom/.m2/repository/org/junit/platform/junit-platform-launcher/1.10.3/junit-platform-launcher-1.10.3.jar:/home/vilivom/.m2/repository/io/quarkus/quarkus-bootstrap-maven-resolver/3.14.2/quarkus-bootstrap-maven-resolver-3.14.2.jar:/home/vilivom/.m2/repository/io/smallrye/beanbag/smallrye-beanbag-maven/1.5.2/smallrye-beanbag-maven-1.5.2.jar:/home/vilivom/.m2/repository/io/smallrye/beanbag/smallrye-beanbag-sisu/1.5.2/smallrye-beanbag-sisu-1.5.2.jar:/home/vilivom/.m2/repository/io/smallrye/beanbag/smallrye-beanbag/1.5.2/smallrye-beanbag-1.5.2.jar:/home/vilivom/.m2/repository/commons-codec/commons-codec/1.17.1/commons-codec-1.17.1.jar:/home/vilivom/.m2/repository/javax/inject/javax.inject/1/javax.inject-1.jar:/home/vilivom/.m2/repository/org/apache/httpcomponents/httpclient/4.5.14/httpclient-4.5.14.jar:/home/vilivom/.m2/repository/org/apache/httpcomponents/httpcore/4.4.16/httpcore-4.4.16.jar:/home/vilivom/.m2/repository/org/apache/maven/maven-artifact/3.9.8/maven-artifact-3.9.8.jar:/home/vilivom/.m2/repository/org/apache/maven/maven-builder-support/3.9.8/maven-builder-support-3.9.8.jar:/home/vilivom/.m2/repository/org/apache/maven/maven-model/3.9.8/maven-model-3.9.8.jar:/home/vilivom/.m2/repository/org/apache/maven/maven-model-builder/3.9.8/maven-model-builder-3.9.8.jar:/home/vilivom/.m2/repository/org/apache/maven/maven-repository-metadata/3.9.8/maven-repository-metadata-3.9.8.jar:/home/vilivom/.m2/repository/org/apache/maven/maven-settings/3.9.8/maven-settings-3.9.8.jar:/home/vilivom/.m2/repository/org/apache/maven/resolver/maven-resolver-api/1.9.22/maven-resolver-api-1.9.22.jar:/home/vilivom/.m2/repository/org/apache/maven/resolver/maven-resolver-impl/1.9.22/maven-resolver-impl-1.9.22.jar:/home/vilivom/.m2/repository/org/apache/maven/resolver/maven-resolver-named-locks/1.9.22/maven-resolver-named-locks-1.9.22.jar:/home/vilivom/.m2/repository/org/apache/maven/resolver/maven-resolver-spi/1.9.22/maven-resolver-spi-1.9.22.jar:/home/vilivom/.m2/repository/org/apache/maven/resolver/maven-resolver-util/1.9.22/maven-resolver-util-1.9.22.jar:/home/vilivom/.m2/repository/org/apache/maven/resolver/maven-resolver-transport-http/1.9.20/maven-resolver-transport-http-1.9.20.jar:/home/vilivom/.m2/repository/org/apache/maven/wagon/wagon-provider-api/3.5.3/wagon-provider-api-3.5.3.jar:/home/vilivom/.m2/repository/org/apache/maven/wagon/wagon-http-shared/3.5.3/wagon-http-shared-3.5.3.jar:/home/vilivom/.m2/repository/org/codehaus/plexus/plexus-interpolation/1.26/plexus-interpolation-1.26.jar:/home/vilivom/.m2/repository/org/codehaus/plexus/plexus-utils/3.5.1/plexus-utils-3.5.1.jar:/home/vilivom/.m2/repository/org/codehaus/plexus/plexus-xml/4.0.1/plexus-xml-4.0.1.jar:/home/vilivom/.m2/repository/org/apache/maven/maven-xml-impl/4.0.0-alpha-5/maven-xml-impl-4.0.0-alpha-5.jar:/home/vilivom/.m2/repository/org/apache/maven/maven-api-xml/4.0.0-alpha-5/maven-api-xml-4.0.0-alpha-5.jar:/home/vilivom/.m2/repository/org/apache/maven/maven-api-meta/4.0.0-alpha-5/maven-api-meta-4.0.0-alpha-5.jar:/home/vilivom/.m2/repository/org/codehaus/plexus/plexus-cipher/2.0/plexus-cipher-2.0.jar:/home/vilivom/.m2/repository/org/codehaus/plexus/plexus-sec-dispatcher/2.0/plexus-sec-dispatcher-2.0.jar:/home/vilivom/.m2/repository/org/apache/maven/maven-embedder/3.9.8/maven-embedder-3.9.8.jar:/home/vilivom/.m2/repository/org/apache/maven/maven-core/3.9.8/maven-core-3.9.8.jar:/home/vilivom/.m2/repository/org/codehaus/plexus/plexus-component-annotations/2.1.0/plexus-component-annotations-2.1.0.jar:/home/vilivom/.m2/repository/org/apache/maven/maven-plugin-api/3.9.8/maven-plugin-api-3.9.8.jar:/home/vilivom/.m2/repository/org/apache/maven/shared/maven-shared-utils/3.4.2/maven-shared-utils-3.4.2.jar:/home/vilivom/.m2/repository/com/google/inject/guice/5.1.0/guice-5.1.0.jar:/home/vilivom/.m2/repository/aopalliance/aopalliance/1.0/aopalliance-1.0.jar:/home/vilivom/.m2/repository/com/google/guava/guava/33.2.1-jre/guava-33.2.1-jre.jar:/home/vilivom/.m2/repository/com/google/guava/failureaccess/1.0.1/failureaccess-1.0.1.jar:/home/vilivom/.m2/repository/javax/annotation/javax.annotation-api/1.3.2/javax.annotation-api-1.3.2.jar:/home/vilivom/.m2/repository/org/codehaus/plexus/plexus-classworlds/2.6.0/plexus-classworlds-2.6.0.jar:/home/vilivom/.m2/repository/commons-cli/commons-cli/1.4/commons-cli-1.4.jar:/home/vilivom/.m2/repository/org/eclipse/sisu/org.eclipse.sisu.plexus/0.9.0.M3/org.eclipse.sisu.plexus-0.9.0.M3.jar:/home/vilivom/.m2/repository/org/apache/maven/maven-settings-builder/3.9.8/maven-settings-builder-3.9.8.jar:/home/vilivom/.m2/repository/org/apache/maven/maven-resolver-provider/3.9.8/maven-resolver-provider-3.9.8.jar:/home/vilivom/.m2/repository/org/apache/maven/resolver/maven-resolver-connector-basic/1.9.22/maven-resolver-connector-basic-1.9.22.jar:/home/vilivom/.m2/repository/org/apache/maven/resolver/maven-resolver-transport-wagon/1.9.22/maven-resolver-transport-wagon-1.9.22.jar:/home/vilivom/.m2/repository/org/apache/maven/wagon/wagon-http/3.5.3/wagon-http-3.5.3.jar:/home/vilivom/.m2/repository/org/apache/maven/wagon/wagon-file/3.5.3/wagon-file-3.5.3.jar:/home/vilivom/.m2/repository/io/quarkus/quarkus-bootstrap-gradle-resolver/3.14.2/quarkus-bootstrap-gradle-resolver-3.14.2.jar:/home/vilivom/.m2/repository/io/smallrye/jandex/3.2.2/jandex-3.2.2.jar:/home/vilivom/.m2/repository/commons-io/commons-io/2.16.1/commons-io-2.16.1.jar:/home/vilivom/.m2/repository/org/jboss/logging/commons-logging-jboss-logging/1.0.0.Final/commons-logging-jboss-logging-1.0.0.Final.jar:/home/vilivom/.m2/repository/io/quarkus/quarkus-junit5-properties/3.14.2/quarkus-junit5-properties-3.14.2.jar:/home/vilivom/.m2/repository/org/junit/jupiter/junit-jupiter/5.10.3/junit-jupiter-5.10.3.jar:/home/vilivom/.m2/repository/org/junit/jupiter/junit-jupiter-api/5.10.3/junit-jupiter-api-5.10.3.jar:/home/vilivom/.m2/repository/org/opentest4j/opentest4j/1.3.0/opentest4j-1.3.0.jar:/home/vilivom/.m2/repository/org/junit/platform/junit-platform-commons/1.10.3/junit-platform-commons-1.10.3.jar:/home/vilivom/.m2/repository/org/apiguardian/apiguardian-api/1.1.2/apiguardian-api-1.1.2.jar:/home/vilivom/.m2/repository/org/junit/jupiter/junit-jupiter-params/5.10.3/junit-jupiter-params-5.10.3.jar:/home/vilivom/.m2/repository/org/junit/jupiter/junit-jupiter-engine/5.10.3/junit-jupiter-engine-5.10.3.jar:/home/vilivom/.m2/repository/org/junit/platform/junit-platform-engine/1.10.3/junit-platform-engine-1.10.3.jar:/home/vilivom/.m2/repository/org/jboss/marshalling/jboss-marshalling/2.2.0.Final/jboss-marshalling-2.2.0.Final.jar:/home/vilivom/.m2/repository/org/mockito/mockito-core/3.2.4/mockito-core-3.2.4.jar:/home/vilivom/.m2/repository/net/bytebuddy/byte-buddy/1.14.18/byte-buddy-1.14.18.jar:/home/vilivom/.m2/repository/net/bytebuddy/byte-buddy-agent/1.10.5/byte-buddy-agent-1.10.5.jar:/home/vilivom/.m2/repository/org/objenesis/objenesis/2.6/objenesis-2.6.jar:"/>
    <property name="java.vm.vendor" value="Arch Linux"/>
    <property name="sun.arch.data.model" value="64"/>
    <property name="java.vendor.url" value="https://openjdk.org/"/>
    <property name="user.timezone" value="Europe/Zurich"/>
    <property name="os.name" value="Linux"/>
    <property name="java.vm.specification.version" value="22"/>
    <property name="sun.java.launcher" value="SUN_STANDARD"/>
    <property name="user.country" value="US"/>
    <property name="sun.boot.library.path" value="/usr/lib/jvm/java-22-openjdk/lib"/>
    <property name="sun.java.command" value="/home/vilivom/src/sensors-routing-service-quarkus/target/surefire/surefirebooter-20240907191356981_3.jar /home/vilivom/src/sensors-routing-service-quarkus/target/surefire 2024-09-07T19-13-56_801-jvmRun1 surefire-20240907191356981_1tmp surefire_0-20240907191356981_2tmp"/>
    <property name="jdk.debug" value="release"/>
    <property name="maven.home" value="/home/vilivom/.m2/wrapper/dists/apache-maven-3.9.9/3477a4f1"/>
    <property name="surefire.test.class.path" value="/home/vilivom/src/sensors-routing-service-quarkus/target/test-classes:/home/vilivom/src/sensors-routing-service-quarkus/target/classes:/home/vilivom/.m2/repository/org/apache/camel/quarkus/camel-quarkus-core/3.14.0/camel-quarkus-core-3.14.0.jar:/home/vilivom/.m2/repository/io/quarkus/quarkus-core/3.14.2/quarkus-core-3.14.2.jar:/home/vilivom/.m2/repository/jakarta/annotation/jakarta.annotation-api/3.0.0/jakarta.annotation-api-3.0.0.jar:/home/vilivom/.m2/repository/jakarta/enterprise/jakarta.enterprise.cdi-api/4.1.0/jakarta.enterprise.cdi-api-4.1.0.jar:/home/vilivom/.m2/repository/jakarta/enterprise/jakarta.enterprise.lang-model/4.1.0/jakarta.enterprise.lang-model-4.1.0.jar:/home/vilivom/.m2/repository/jakarta/el/jakarta.el-api/5.0.1/jakarta.el-api-5.0.1.jar:/home/vilivom/.m2/repository/jakarta/interceptor/jakarta.interceptor-api/2.2.0/jakarta.interceptor-api-2.2.0.jar:/home/vilivom/.m2/repository/jakarta/inject/jakarta.inject-api/2.0.1/jakarta.inject-api-2.0.1.jar:/home/vilivom/.m2/repository/io/smallrye/common/smallrye-common-os/2.6.0/smallrye-common-os-2.6.0.jar:/home/vilivom/.m2/repository/io/quarkus/quarkus-ide-launcher/3.14.2/quarkus-ide-launcher-3.14.2.jar:/home/vilivom/.m2/repository/io/smallrye/config/smallrye-config/3.9.1/smallrye-config-3.9.1.jar:/home/vilivom/.m2/repository/io/smallrye/config/smallrye-config-core/3.9.1/smallrye-config-core-3.9.1.jar:/home/vilivom/.m2/repository/io/smallrye/common/smallrye-common-classloader/2.6.0/smallrye-common-classloader-2.6.0.jar:/home/vilivom/.m2/repository/io/smallrye/config/smallrye-config-common/3.9.1/smallrye-config-common-3.9.1.jar:/home/vilivom/.m2/repository/org/jboss/logging/jboss-logging/3.6.0.Final/jboss-logging-3.6.0.Final.jar:/home/vilivom/.m2/repository/org/jboss/logmanager/jboss-logmanager/3.0.6.Final/jboss-logmanager-3.0.6.Final.jar:/home/vilivom/.m2/repository/io/smallrye/common/smallrye-common-constraint/2.6.0/smallrye-common-constraint-2.6.0.jar:/home/vilivom/.m2/repository/io/smallrye/common/smallrye-common-cpu/2.6.0/smallrye-common-cpu-2.6.0.jar:/home/vilivom/.m2/repository/io/smallrye/common/smallrye-common-expression/2.6.0/smallrye-common-expression-2.6.0.jar:/home/vilivom/.m2/repository/io/smallrye/common/smallrye-common-function/2.6.0/smallrye-common-function-2.6.0.jar:/home/vilivom/.m2/repository/io/smallrye/common/smallrye-common-net/2.6.0/smallrye-common-net-2.6.0.jar:/home/vilivom/.m2/repository/io/smallrye/common/smallrye-common-ref/2.6.0/smallrye-common-ref-2.6.0.jar:/home/vilivom/.m2/repository/org/jboss/logging/jboss-logging-annotations/3.0.1.Final/jboss-logging-annotations-3.0.1.Final.jar:/home/vilivom/.m2/repository/org/jboss/threads/jboss-threads/3.6.1.Final/jboss-threads-3.6.1.Final.jar:/home/vilivom/.m2/repository/org/jboss/slf4j/slf4j-jboss-logmanager/2.0.0.Final/slf4j-jboss-logmanager-2.0.0.Final.jar:/home/vilivom/.m2/repository/org/wildfly/common/wildfly-common/1.7.0.Final/wildfly-common-1.7.0.Final.jar:/home/vilivom/.m2/repository/io/quarkus/quarkus-bootstrap-runner/3.14.2/quarkus-bootstrap-runner-3.14.2.jar:/home/vilivom/.m2/repository/io/github/crac/org-crac/0.1.3/org-crac-0.1.3.jar:/home/vilivom/.m2/repository/io/quarkus/quarkus-fs-util/0.0.10/quarkus-fs-util-0.0.10.jar:/home/vilivom/.m2/repository/io/quarkus/quarkus-development-mode-spi/3.14.2/quarkus-development-mode-spi-3.14.2.jar:/home/vilivom/.m2/repository/org/apache/camel/camel-base/4.7.0/camel-base-4.7.0.jar:/home/vilivom/.m2/repository/org/apache/camel/camel-api/4.7.0/camel-api-4.7.0.jar:/home/vilivom/.m2/repository/org/apache/camel/camel-management-api/4.7.0/camel-management-api-4.7.0.jar:/home/vilivom/.m2/repository/org/apache/camel/camel-support/4.7.0/camel-support-4.7.0.jar:/home/vilivom/.m2/repository/org/apache/camel/camel-util/4.7.0/camel-util-4.7.0.jar:/home/vilivom/.m2/repository/org/apache/camel/camel-componentdsl/4.7.0/camel-componentdsl-4.7.0.jar:/home/vilivom/.m2/repository/org/apache/camel/camel-core-catalog/4.7.0/camel-core-catalog-4.7.0.jar:/home/vilivom/.m2/repository/org/apache/camel/camel-tooling-model/4.7.0/camel-tooling-model-4.7.0.jar:/home/vilivom/.m2/repository/org/apache/camel/camel-core-engine/4.7.0/camel-core-engine-4.7.0.jar:/home/vilivom/.m2/repository/org/apache/camel/camel-base-engine/4.7.0/camel-base-engine-4.7.0.jar:/home/vilivom/.m2/repository/org/apache/camel/camel-core-reifier/4.7.0/camel-core-reifier-4.7.0.jar:/home/vilivom/.m2/repository/org/apache/camel/camel-core-languages/4.7.0/camel-core-languages-4.7.0.jar:/home/vilivom/.m2/repository/org/apache/camel/camel-core-model/4.7.0/camel-core-model-4.7.0.jar:/home/vilivom/.m2/repository/org/apache/camel/camel-xml-jaxp-util/4.7.0/camel-xml-jaxp-util-4.7.0.jar:/home/vilivom/.m2/repository/org/apache/camel/camel-core-processor/4.7.0/camel-core-processor-4.7.0.jar:/home/vilivom/.m2/repository/org/apache/camel/camel-endpointdsl/4.7.0/camel-endpointdsl-4.7.0.jar:/home/vilivom/.m2/repository/org/apache/camel/camel-main/4.7.0/camel-main-4.7.0.jar:/home/vilivom/.m2/repository/org/apache/camel/camel-microprofile-config/4.7.0/camel-microprofile-config-4.7.0.jar:/home/vilivom/.m2/repository/org/eclipse/microprofile/config/microprofile-config-api/3.1/microprofile-config-api-3.1.jar:/home/vilivom/.m2/repository/jakarta/xml/bind/jakarta.xml.bind-api/4.0.2/jakarta.xml.bind-api-4.0.2.jar:/home/vilivom/.m2/repository/jakarta/activation/jakarta.activation-api/2.1.3/jakarta.activation-api-2.1.3.jar:/home/vilivom/.m2/repository/org/apache/camel/quarkus/camel-quarkus-nats/3.14.0/camel-quarkus-nats-3.14.0.jar:/home/vilivom/.m2/repository/org/jboss/logmanager/log4j2-jboss-logmanager/1.1.2.Final/log4j2-jboss-logmanager-1.1.2.Final.jar:/home/vilivom/.m2/repository/org/apache/logging/log4j/log4j-api/2.23.1/log4j-api-2.23.1.jar:/home/vilivom/.m2/repository/org/apache/camel/camel-nats/4.7.0/camel-nats-4.7.0.jar:/home/vilivom/.m2/repository/io/nats/jnats/2.19.1/jnats-2.19.1.jar:/home/vilivom/.m2/repository/net/i2p/crypto/eddsa/0.3.0/eddsa-0.3.0.jar:/home/vilivom/.m2/repository/org/apache/camel/quarkus/camel-quarkus-jackson/3.14.0/camel-quarkus-jackson-3.14.0.jar:/home/vilivom/.m2/repository/io/quarkus/quarkus-jaxp/3.14.2/quarkus-jaxp-3.14.2.jar:/home/vilivom/.m2/repository/io/quarkus/quarkus-jackson/3.14.2/quarkus-jackson-3.14.2.jar:/home/vilivom/.m2/repository/com/fasterxml/jackson/core/jackson-databind/2.17.2/jackson-databind-2.17.2.jar:/home/vilivom/.m2/repository/com/fasterxml/jackson/datatype/jackson-datatype-jsr310/2.17.2/jackson-datatype-jsr310-2.17.2.jar:/home/vilivom/.m2/repository/com/fasterxml/jackson/datatype/jackson-datatype-jdk8/2.17.2/jackson-datatype-jdk8-2.17.2.jar:/home/vilivom/.m2/repository/com/fasterxml/jackson/module/jackson-module-parameter-names/2.17.2/jackson-module-parameter-names-2.17.2.jar:/home/vilivom/.m2/repository/com/fasterxml/jackson/module/jackson-module-jakarta-xmlbind-annotations/2.17.2/jackson-module-jakarta-xmlbind-annotations-2.17.2.jar:/home/vilivom/.m2/repository/com/fasterxml/jackson/core/jackson-annotations/2.17.2/jackson-annotations-2.17.2.jar:/home/vilivom/.m2/repository/com/fasterxml/jackson/core/jackson-core/2.17.2/jackson-core-2.17.2.jar:/home/vilivom/.m2/repository/org/apache/camel/camel-jackson/4.7.0/camel-jackson-4.7.0.jar:/home/vilivom/.m2/repository/org/eclipse/angus/angus-activation/2.0.2/angus-activation-2.0.2.jar:/home/vilivom/.m2/repository/org/apache/camel/quarkus/camel-quarkus-netty/3.14.0/camel-quarkus-netty-3.14.0.jar:/home/vilivom/.m2/repository/io/quarkus/quarkus-netty/3.14.2/quarkus-netty-3.14.2.jar:/home/vilivom/.m2/repository/io/netty/netty-codec/4.1.111.Final/netty-codec-4.1.111.Final.jar:/home/vilivom/.m2/repository/io/netty/netty-codec-http/4.1.111.Final/netty-codec-http-4.1.111.Final.jar:/home/vilivom/.m2/repository/io/netty/netty-codec-http2/4.1.111.Final/netty-codec-http2-4.1.111.Final.jar:/home/vilivom/.m2/repository/io/netty/netty-handler/4.1.111.Final/netty-handler-4.1.111.Final.jar:/home/vilivom/.m2/repository/com/aayushatharva/brotli4j/brotli4j/1.16.0/brotli4j-1.16.0.jar:/home/vilivom/.m2/repository/com/aayushatharva/brotli4j/service/1.16.0/service-1.16.0.jar:/home/vilivom/.m2/repository/com/aayushatharva/brotli4j/native-linux-x86_64/1.16.0/native-linux-x86_64-1.16.0.jar:/home/vilivom/.m2/repository/org/apache/camel/camel-netty/4.7.0/camel-netty-4.7.0.jar:/home/vilivom/.m2/repository/org/apache/camel/camel-util-json/4.7.0/camel-util-json-4.7.0.jar:/home/vilivom/.m2/repository/io/netty/netty-buffer/4.1.111.Final/netty-buffer-4.1.111.Final.jar:/home/vilivom/.m2/repository/io/netty/netty-common/4.1.111.Final/netty-common-4.1.111.Final.jar:/home/vilivom/.m2/repository/io/netty/netty-resolver/4.1.111.Final/netty-resolver-4.1.111.Final.jar:/home/vilivom/.m2/repository/io/netty/netty-transport/4.1.111.Final/netty-transport-4.1.111.Final.jar:/home/vilivom/.m2/repository/io/netty/netty-transport-native-epoll/4.1.111.Final/netty-transport-native-epoll-4.1.111.Final.jar:/home/vilivom/.m2/repository/io/netty/netty-transport-classes-epoll/4.1.111.Final/netty-transport-classes-epoll-4.1.111.Final.jar:/home/vilivom/.m2/repository/io/netty/netty-transport-native-kqueue/4.1.111.Final/netty-transport-native-kqueue-4.1.111.Final.jar:/home/vilivom/.m2/repository/io/netty/netty-transport-classes-kqueue/4.1.111.Final/netty-transport-classes-kqueue-4.1.111.Final.jar:/home/vilivom/.m2/repository/io/netty/netty-transport-native-unix-common/4.1.111.Final/netty-transport-native-unix-common-4.1.111.Final.jar:/home/vilivom/.m2/repository/org/apache/commons/commons-pool2/2.12.0/commons-pool2-2.12.0.jar:/home/vilivom/.m2/repository/org/slf4j/slf4j-api/2.0.16/slf4j-api-2.0.16.jar:/home/vilivom/.m2/repository/ch/qos/logback/logback-classic/1.5.7/logback-classic-1.5.7.jar:/home/vilivom/.m2/repository/ch/qos/logback/logback-core/1.5.7/logback-core-1.5.7.jar:/home/vilivom/.m2/repository/io/quarkus/quarkus-jsonb/3.14.2/quarkus-jsonb-3.14.2.jar:/home/vilivom/.m2/repository/org/eclipse/yasson/3.0.4/yasson-3.0.4.jar:/home/vilivom/.m2/repository/jakarta/json/bind/jakarta.json.bind-api/3.0.1/jakarta.json.bind-api-3.0.1.jar:/home/vilivom/.m2/repository/jakarta/json/jakarta.json-api/2.1.3/jakarta.json-api-2.1.3.jar:/home/vilivom/.m2/repository/org/eclipse/parsson/parsson/1.1.7/parsson-1.1.7.jar:/home/vilivom/.m2/repository/io/quarkus/quarkus-jsonp/3.14.2/quarkus-jsonp-3.14.2.jar:/home/vilivom/.m2/repository/io/quarkus/quarkus-arc/3.14.2/quarkus-arc-3.14.2.jar:/home/vilivom/.m2/repository/io/quarkus/arc/arc/3.14.2/arc-3.14.2.jar:/home/vilivom/.m2/repository/jakarta/transaction/jakarta.transaction-api/2.0.1/jakarta.transaction-api-2.0.1.jar:/home/vilivom/.m2/repository/io/smallrye/reactive/mutiny/2.6.2/mutiny-2.6.2.jar:/home/vilivom/.m2/repository/io/smallrye/common/smallrye-common-annotation/2.6.0/smallrye-common-annotation-2.6.0.jar:/home/vilivom/.m2/repository/org/jctools/jctools-core/4.0.5/jctools-core-4.0.5.jar:/home/vilivom/.m2/repository/org/eclipse/microprofile/context-propagation/microprofile-context-propagation-api/1.3/microprofile-context-propagation-api-1.3.jar:/home/vilivom/.m2/repository/io/quarkus/quarkus-junit5/3.14.2/quarkus-junit5-3.14.2.jar:/home/vilivom/.m2/repository/io/quarkus/quarkus-bootstrap-core/3.14.2/quarkus-bootstrap-core-3.14.2.jar:/home/vilivom/.m2/repository/io/quarkus/quarkus-classloader-commons/3.14.2/quarkus-classloader-commons-3.14.2.jar:/home/vilivom/.m2/repository/io/quarkus/quarkus-bootstrap-app-model/3.14.2/quarkus-bootstrap-app-model-3.14.2.jar:/home/vilivom/.m2/repository/io/smallrye/common/smallrye-common-io/2.6.0/smallrye-common-io-2.6.0.jar:/home/vilivom/.m2/repository/org/eclipse/sisu/org.eclipse.sisu.inject/0.9.0.M3/org.eclipse.sisu.inject-0.9.0.M3.jar:/home/vilivom/.m2/repository/io/quarkus/quarkus-test-common/3.14.2/quarkus-test-common-3.14.2.jar:/home/vilivom/.m2/repository/io/quarkus/quarkus-core-deployment/3.14.2/quarkus-core-deployment-3.14.2.jar:/home/vilivom/.m2/repository/org/aesh/readline/2.6/readline-2.6.jar:/home/vilivom/.m2/repository/org/fusesource/jansi/jansi/2.4.0/jansi-2.4.0.jar:/home/vilivom/.m2/repository/org/aesh/aesh/2.8.2/aesh-2.8.2.jar:/home/vilivom/.m2/repository/org/apache/commons/commons-lang3/3.14.0/commons-lang3-3.14.0.jar:/home/vilivom/.m2/repository/io/quarkus/gizmo/gizmo/1.8.0/gizmo-1.8.0.jar:/home/vilivom/.m2/repository/org/ow2/asm/asm-util/9.7/asm-util-9.7.jar:/home/vilivom/.m2/repository/org/ow2/asm/asm-analysis/9.7/asm-analysis-9.7.jar:/home/vilivom/.m2/repository/org/ow2/asm/asm/9.7/asm-9.7.jar:/home/vilivom/.m2/repository/org/ow2/asm/asm-commons/9.7/asm-commons-9.7.jar:/home/vilivom/.m2/repository/org/ow2/asm/asm-tree/9.7/asm-tree-9.7.jar:/home/vilivom/.m2/repository/io/quarkus/quarkus-hibernate-validator-spi/3.14.2/quarkus-hibernate-validator-spi-3.14.2.jar:/home/vilivom/.m2/repository/io/quarkus/quarkus-class-change-agent/3.14.2/quarkus-class-change-agent-3.14.2.jar:/home/vilivom/.m2/repository/io/quarkus/quarkus-devtools-utilities/3.14.2/quarkus-devtools-utilities-3.14.2.jar:/home/vilivom/.m2/repository/io/quarkus/quarkus-builder/3.14.2/quarkus-builder-3.14.2.jar:/home/vilivom/.m2/repository/org/graalvm/sdk/nativeimage/23.1.2/nativeimage-23.1.2.jar:/home/vilivom/.m2/repository/org/graalvm/sdk/word/23.1.2/word-23.1.2.jar:/home/vilivom/.m2/repository/org/junit/platform/junit-platform-launcher/1.10.3/junit-platform-launcher-1.10.3.jar:/home/vilivom/.m2/repository/io/quarkus/quarkus-bootstrap-maven-resolver/3.14.2/quarkus-bootstrap-maven-resolver-3.14.2.jar:/home/vilivom/.m2/repository/io/smallrye/beanbag/smallrye-beanbag-maven/1.5.2/smallrye-beanbag-maven-1.5.2.jar:/home/vilivom/.m2/repository/io/smallrye/beanbag/smallrye-beanbag-sisu/1.5.2/smallrye-beanbag-sisu-1.5.2.jar:/home/vilivom/.m2/repository/io/smallrye/beanbag/smallrye-beanbag/1.5.2/smallrye-beanbag-1.5.2.jar:/home/vilivom/.m2/repository/commons-codec/commons-codec/1.17.1/commons-codec-1.17.1.jar:/home/vilivom/.m2/repository/javax/inject/javax.inject/1/javax.inject-1.jar:/home/vilivom/.m2/repository/org/apache/httpcomponents/httpclient/4.5.14/httpclient-4.5.14.jar:/home/vilivom/.m2/repository/org/apache/httpcomponents/httpcore/4.4.16/httpcore-4.4.16.jar:/home/vilivom/.m2/repository/org/apache/maven/maven-artifact/3.9.8/maven-artifact-3.9.8.jar:/home/vilivom/.m2/repository/org/apache/maven/maven-builder-support/3.9.8/maven-builder-support-3.9.8.jar:/home/vilivom/.m2/repository/org/apache/maven/maven-model/3.9.8/maven-model-3.9.8.jar:/home/vilivom/.m2/repository/org/apache/maven/maven-model-builder/3.9.8/maven-model-builder-3.9.8.jar:/home/vilivom/.m2/repository/org/apache/maven/maven-repository-metadata/3.9.8/maven-repository-metadata-3.9.8.jar:/home/vilivom/.m2/repository/org/apache/maven/maven-settings/3.9.8/maven-settings-3.9.8.jar:/home/vilivom/.m2/repository/org/apache/maven/resolver/maven-resolver-api/1.9.22/maven-resolver-api-1.9.22.jar:/home/vilivom/.m2/repository/org/apache/maven/resolver/maven-resolver-impl/1.9.22/maven-resolver-impl-1.9.22.jar:/home/vilivom/.m2/repository/org/apache/maven/resolver/maven-resolver-named-locks/1.9.22/maven-resolver-named-locks-1.9.22.jar:/home/vilivom/.m2/repository/org/apache/maven/resolver/maven-resolver-spi/1.9.22/maven-resolver-spi-1.9.22.jar:/home/vilivom/.m2/repository/org/apache/maven/resolver/maven-resolver-util/1.9.22/maven-resolver-util-1.9.22.jar:/home/vilivom/.m2/repository/org/apache/maven/resolver/maven-resolver-transport-http/1.9.20/maven-resolver-transport-http-1.9.20.jar:/home/vilivom/.m2/repository/org/apache/maven/wagon/wagon-provider-api/3.5.3/wagon-provider-api-3.5.3.jar:/home/vilivom/.m2/repository/org/apache/maven/wagon/wagon-http-shared/3.5.3/wagon-http-shared-3.5.3.jar:/home/vilivom/.m2/repository/org/codehaus/plexus/plexus-interpolation/1.26/plexus-interpolation-1.26.jar:/home/vilivom/.m2/repository/org/codehaus/plexus/plexus-utils/3.5.1/plexus-utils-3.5.1.jar:/home/vilivom/.m2/repository/org/codehaus/plexus/plexus-xml/4.0.1/plexus-xml-4.0.1.jar:/home/vilivom/.m2/repository/org/apache/maven/maven-xml-impl/4.0.0-alpha-5/maven-xml-impl-4.0.0-alpha-5.jar:/home/vilivom/.m2/repository/org/apache/maven/maven-api-xml/4.0.0-alpha-5/maven-api-xml-4.0.0-alpha-5.jar:/home/vilivom/.m2/repository/org/apache/maven/maven-api-meta/4.0.0-alpha-5/maven-api-meta-4.0.0-alpha-5.jar:/home/vilivom/.m2/repository/org/codehaus/plexus/plexus-cipher/2.0/plexus-cipher-2.0.jar:/home/vilivom/.m2/repository/org/codehaus/plexus/plexus-sec-dispatcher/2.0/plexus-sec-dispatcher-2.0.jar:/home/vilivom/.m2/repository/org/apache/maven/maven-embedder/3.9.8/maven-embedder-3.9.8.jar:/home/vilivom/.m2/repository/org/apache/maven/maven-core/3.9.8/maven-core-3.9.8.jar:/home/vilivom/.m2/repository/org/codehaus/plexus/plexus-component-annotations/2.1.0/plexus-component-annotations-2.1.0.jar:/home/vilivom/.m2/repository/org/apache/maven/maven-plugin-api/3.9.8/maven-plugin-api-3.9.8.jar:/home/vilivom/.m2/repository/org/apache/maven/shared/maven-shared-utils/3.4.2/maven-shared-utils-3.4.2.jar:/home/vilivom/.m2/repository/com/google/inject/guice/5.1.0/guice-5.1.0.jar:/home/vilivom/.m2/repository/aopalliance/aopalliance/1.0/aopalliance-1.0.jar:/home/vilivom/.m2/repository/com/google/guava/guava/33.2.1-jre/guava-33.2.1-jre.jar:/home/vilivom/.m2/repository/com/google/guava/failureaccess/1.0.1/failureaccess-1.0.1.jar:/home/vilivom/.m2/repository/javax/annotation/javax.annotation-api/1.3.2/javax.annotation-api-1.3.2.jar:/home/vilivom/.m2/repository/org/codehaus/plexus/plexus-classworlds/2.6.0/plexus-classworlds-2.6.0.jar:/home/vilivom/.m2/repository/commons-cli/commons-cli/1.4/commons-cli-1.4.jar:/home/vilivom/.m2/repository/org/eclipse/sisu/org.eclipse.sisu.plexus/0.9.0.M3/org.eclipse.sisu.plexus-0.9.0.M3.jar:/home/vilivom/.m2/repository/org/apache/maven/maven-settings-builder/3.9.8/maven-settings-builder-3.9.8.jar:/home/vilivom/.m2/repository/org/apache/maven/maven-resolver-provider/3.9.8/maven-resolver-provider-3.9.8.jar:/home/vilivom/.m2/repository/org/apache/maven/resolver/maven-resolver-connector-basic/1.9.22/maven-resolver-connector-basic-1.9.22.jar:/home/vilivom/.m2/repository/org/apache/maven/resolver/maven-resolver-transport-wagon/1.9.22/maven-resolver-transport-wagon-1.9.22.jar:/home/vilivom/.m2/repository/org/apache/maven/wagon/wagon-http/3.5.3/wagon-http-3.5.3.jar:/home/vilivom/.m2/repository/org/apache/maven/wagon/wagon-file/3.5.3/wagon-file-3.5.3.jar:/home/vilivom/.m2/repository/io/quarkus/quarkus-bootstrap-gradle-resolver/3.14.2/quarkus-bootstrap-gradle-resolver-3.14.2.jar:/home/vilivom/.m2/repository/io/smallrye/jandex/3.2.2/jandex-3.2.2.jar:/home/vilivom/.m2/repository/commons-io/commons-io/2.16.1/commons-io-2.16.1.jar:/home/vilivom/.m2/repository/org/jboss/logging/commons-logging-jboss-logging/1.0.0.Final/commons-logging-jboss-logging-1.0.0.Final.jar:/home/vilivom/.m2/repository/io/quarkus/quarkus-junit5-properties/3.14.2/quarkus-junit5-properties-3.14.2.jar:/home/vilivom/.m2/repository/org/junit/jupiter/junit-jupiter/5.10.3/junit-jupiter-5.10.3.jar:/home/vilivom/.m2/repository/org/junit/jupiter/junit-jupiter-api/5.10.3/junit-jupiter-api-5.10.3.jar:/home/vilivom/.m2/repository/org/opentest4j/opentest4j/1.3.0/opentest4j-1.3.0.jar:/home/vilivom/.m2/repository/org/junit/platform/junit-platform-commons/1.10.3/junit-platform-commons-1.10.3.jar:/home/vilivom/.m2/repository/org/apiguardian/apiguardian-api/1.1.2/apiguardian-api-1.1.2.jar:/home/vilivom/.m2/repository/org/junit/jupiter/junit-jupiter-params/5.10.3/junit-jupiter-params-5.10.3.jar:/home/vilivom/.m2/repository/org/junit/jupiter/junit-jupiter-engine/5.10.3/junit-jupiter-engine-5.10.3.jar:/home/vilivom/.m2/repository/org/junit/platform/junit-platform-engine/1.10.3/junit-platform-engine-1.10.3.jar:/home/vilivom/.m2/repository/org/jboss/marshalling/jboss-marshalling/2.2.0.Final/jboss-marshalling-2.2.0.Final.jar:/home/vilivom/.m2/repository/org/mockito/mockito-core/3.2.4/mockito-core-3.2.4.jar:/home/vilivom/.m2/repository/net/bytebuddy/byte-buddy/1.14.18/byte-buddy-1.14.18.jar:/home/vilivom/.m2/repository/net/bytebuddy/byte-buddy-agent/1.10.5/byte-buddy-agent-1.10.5.jar:/home/vilivom/.m2/repository/org/objenesis/objenesis/2.6/objenesis-2.6.jar:"/>
    <property name="sun.cpu.endian" value="little"/>
    <property name="user.home" value="/home/vilivom"/>
    <property name="user.language" value="en"/>
    <property name="java.specification.vendor" value="Oracle Corporation"/>
    <property name="java.version.date" value="2024-07-16"/>
    <property name="java.home" value="/usr/lib/jvm/java-22-openjdk"/>
    <property name="file.separator" value="/"/>
    <property name="basedir" value="/home/vilivom/src/sensors-routing-service-quarkus"/>
    <property name="java.vm.compressedOopsMode" value="Zero based"/>
    <property name="line.separator" value="&#10;"/>
    <property name="java.vm.specification.vendor" value="Oracle Corporation"/>
    <property name="java.specification.name" value="Java Platform API Specification"/>
    <property name="surefire.real.class.path" value="/home/vilivom/src/sensors-routing-service-quarkus/target/surefire/surefirebooter-20240907191356981_3.jar"/>
    <property name="sun.management.compiler" value="HotSpot 64-Bit Tiered Compilers"/>
    <property name="java.runtime.version" value="22.0.2+9"/>
    <property name="user.name" value="vilivom"/>
    <property name="stdout.encoding" value="UTF-8"/>
    <property name="path.separator" value=":"/>
    <property name="os.version" value="6.8.7-zen1-2-zen"/>
    <property name="java.runtime.name" value="OpenJDK Runtime Environment"/>
    <property name="file.encoding" value="UTF-8"/>
    <property name="java.vm.name" value="OpenJDK 64-Bit Server VM"/>
    <property name="localRepository" value="/home/vilivom/.m2/repository"/>
    <property name="java.vendor.url.bug" value="https://bugreport.java.com/bugreport/"/>
    <property name="java.io.tmpdir" value="/tmp"/>
    <property name="java.version" value="22.0.2"/>
    <property name="user.dir" value="/home/vilivom/src/sensors-routing-service-quarkus"/>
    <property name="os.arch" value="amd64"/>
    <property name="java.vm.specification.name" value="Java Virtual Machine Specification"/>
    <property name="native.encoding" value="UTF-8"/>
    <property name="java.util.logging.manager" value="org.jboss.logmanager.LogManager"/>
    <property name="java.library.path" value="/usr/java/packages/lib:/usr/lib64:/lib64:/lib:/usr/lib"/>
    <property name="java.vm.info" value="mixed mode, sharing"/>
    <property name="stderr.encoding" value="UTF-8"/>
    <property name="java.vendor" value="Arch Linux"/>
    <property name="java.vm.version" value="22.0.2+9"/>
    <property name="sun.io.unicode.encoding" value="UnicodeLittle"/>
    <property name="java.class.version" value="66.0"/>
  </properties>
  <testcase name="testValidateAndConvertWithWhitespace" classname="io.warehouse.sensors.processors.UdpMessageToJsonProcessorTest" time="0.054">
    <error message="Cannot invoke &quot;io.warehouse.sensors.validator.SensorMessageValidator.validate(io.warehouse.sensors.model.SensorMessage)&quot; because &quot;this.validator&quot; is null" type="java.lang.NullPointerException"><![CDATA[java.lang.NullPointerException: Cannot invoke "io.warehouse.sensors.validator.SensorMessageValidator.validate(io.warehouse.sensors.model.SensorMessage)" because "this.validator" is null
	at io.warehouse.sensors.processors.UdpMessageToJsponProcessor.validateAndConvert(UdpMessageToJsponProcessor.java:38)
	at io.warehouse.sensors.processors.UdpMessageToJsonProcessorTest.testValidateAndConvertWithWhitespace(UdpMessageToJsonProcessorTest.java:84)
	at java.base/java.lang.reflect.Method.invoke(Method.java:580)
	at java.base/java.util.ArrayList.forEach(ArrayList.java:1597)
	at java.base/java.util.ArrayList.forEach(ArrayList.java:1597)
]]></error>
  </testcase>
  <testcase name="testValidateAndConvertInvalidFormat" classname="io.warehouse.sensors.processors.UdpMessageToJsonProcessorTest" time="0.012"/>
  <testcase name="testValidateAndConvertValidMessage" classname="io.warehouse.sensors.processors.UdpMessageToJsonProcessorTest" time="0.008">
    <error message="Cannot invoke &quot;io.warehouse.sensors.validator.SensorMessageValidator.validate(io.warehouse.sensors.model.SensorMessage)&quot; because &quot;this.validator&quot; is null" type="java.lang.NullPointerException"><![CDATA[java.lang.NullPointerException: Cannot invoke "io.warehouse.sensors.validator.SensorMessageValidator.validate(io.warehouse.sensors.model.SensorMessage)" because "this.validator" is null
	at io.warehouse.sensors.processors.UdpMessageToJsponProcessor.validateAndConvert(UdpMessageToJsponProcessor.java:38)
	at io.warehouse.sensors.processors.UdpMessageToJsonProcessorTest.testValidateAndConvertValidMessage(UdpMessageToJsonProcessorTest.java:65)
	at java.base/java.lang.reflect.Method.invoke(Method.java:580)
	at java.base/java.util.ArrayList.forEach(ArrayList.java:1597)
	at java.base/java.util.ArrayList.forEach(ArrayList.java:1597)
]]></error>
  </testcase>
  <testcase name="testProcessInvalidMessage" classname="io.warehouse.sensors.processors.UdpMessageToJsonProcessorTest" time="0.005">
    <error message="Cannot invoke &quot;org.apache.camel.Exchange.getIn()&quot; because &quot;this.exchange&quot; is null" type="java.lang.NullPointerException"><![CDATA[java.lang.NullPointerException: Cannot invoke "org.apache.camel.Exchange.getIn()" because "this.exchange" is null
	at io.warehouse.sensors.processors.UdpMessageToJsonProcessorTest.testProcessInvalidMessage(UdpMessageToJsonProcessorTest.java:54)
	at java.base/java.lang.reflect.Method.invoke(Method.java:580)
	at java.base/java.util.ArrayList.forEach(ArrayList.java:1597)
	at java.base/java.util.ArrayList.forEach(ArrayList.java:1597)
]]></error>
  </testcase>
  <testcase name="testValidateAndConvertWithLeadingTrailingSpaces" classname="io.warehouse.sensors.processors.UdpMessageToJsonProcessorTest" time="0.005">
    <error message="Cannot invoke &quot;io.warehouse.sensors.validator.SensorMessageValidator.validate(io.warehouse.sensors.model.SensorMessage)&quot; because &quot;this.validator&quot; is null" type="java.lang.NullPointerException"><![CDATA[java.lang.NullPointerException: Cannot invoke "io.warehouse.sensors.validator.SensorMessageValidator.validate(io.warehouse.sensors.model.SensorMessage)" because "this.validator" is null
	at io.warehouse.sensors.processors.UdpMessageToJsponProcessor.validateAndConvert(UdpMessageToJsponProcessor.java:38)
	at io.warehouse.sensors.processors.UdpMessageToJsonProcessorTest.testValidateAndConvertWithLeadingTrailingSpaces(UdpMessageToJsonProcessorTest.java:96)
	at java.base/java.lang.reflect.Method.invoke(Method.java:580)
	at java.base/java.util.ArrayList.forEach(ArrayList.java:1597)
	at java.base/java.util.ArrayList.forEach(ArrayList.java:1597)
]]></error>
  </testcase>
  <testcase name="testProcessValidMessage" classname="io.warehouse.sensors.processors.UdpMessageToJsonProcessorTest" time="0.005">
    <error message="Cannot invoke &quot;org.apache.camel.Exchange.getIn()&quot; because &quot;this.exchange&quot; is null" type="java.lang.NullPointerException"><![CDATA[java.lang.NullPointerException: Cannot invoke "org.apache.camel.Exchange.getIn()" because "this.exchange" is null
	at io.warehouse.sensors.processors.UdpMessageToJsonProcessorTest.testProcessValidMessage(UdpMessageToJsonProcessorTest.java:41)
	at java.base/java.lang.reflect.Method.invoke(Method.java:580)
	at java.base/java.util.ArrayList.forEach(ArrayList.java:1597)
	at java.base/java.util.ArrayList.forEach(ArrayList.java:1597)
]]></error>
  </testcase>
</testsuite>